Arguments: 
  C:\Program Files\nodejs\node.exe C:\Users\dkswn\AppData\Roaming\npm\node_modules\yarn\bin\yarn.js add rect-router-dom

PATH: 
  C:\Program Files\Common Files\Oracle\Java\javapath;C:\Program Files\nodejs;C:\WINDOWS\system32;C:\WINDOWS;C:\WINDOWS\System32\Wbem;C:\WINDOWS\System32\WindowsPowerShell\v1.0\;C:\WINDOWS\System32\OpenSSH\;C:\Program Files\Git\cmd;C:\Program Files\Bandizip\;C:\Program Files\Docker\Docker\resources\bin;C:\Program Files\dotnet\;C:\Users\dkswn\AppData\Local\Microsoft\WindowsApps;C:\Users\dkswn\AppData\Local\Programs\Microsoft VS Code\bin;C:\Users\dkswn\AppData\Roaming\npm;C:\Users\dkswn\AppData\Local\GitHubDesktop\bin;C:\Users\dkswn\OneDrive\바탕 화면\RouterDom\node_modules\.bin

Yarn version: 
  1.22.19

Node version: 
  18.16.0

Platform: 
  win32 x64

Trace: 
  Error: https://registry.yarnpkg.com/rect-router-dom: Not found
      at params.callback [as _callback] (C:\Users\dkswn\AppData\Roaming\npm\node_modules\yarn\lib\cli.js:66145:18)
      at self.callback (C:\Users\dkswn\AppData\Roaming\npm\node_modules\yarn\lib\cli.js:140890:22)
      at Request.emit (node:events:513:28)
      at Request.<anonymous> (C:\Users\dkswn\AppData\Roaming\npm\node_modules\yarn\lib\cli.js:141862:10)
      at Request.emit (node:events:513:28)
      at IncomingMessage.<anonymous> (C:\Users\dkswn\AppData\Roaming\npm\node_modules\yarn\lib\cli.js:141784:12)
      at Object.onceWrapper (node:events:627:28)
      at IncomingMessage.emit (node:events:525:35)
      at endReadableNT (node:internal/streams/readable:1359:12)
      at process.processTicksAndRejections (node:internal/process/task_queues:82:21)

npm manifest: 
  {
    "name": "RouterDom",
    "version": "1.0.0",
    "dependencies": {
    }
  }

yarn manifest: 
  No manifest

Lockfile: 
  No lockfile
